<!DOCTYPE html>

<html>
  <head>
  <meta charset='utf-8'>
  <title>TestNG reports</title>

    <link type="text/css" href="testng-reports.css" rel="stylesheet" />
    <script type="text/javascript" src="jquery-1.7.1.min.js"></script>
    <script type="text/javascript" src="testng-reports.js"></script>
    <script type="text/javascript" src="https://www.google.com/jsapi"></script>
    <script type='text/javascript'>
      google.load('visualization', '1', {packages:['table']});
      google.setOnLoadCallback(drawTable);
      var suiteTableInitFunctions = new Array();
      var suiteTableData = new Array();
    </script>
    <!--
      <script type="text/javascript" src="jquery-ui/js/jquery-ui-1.8.16.custom.min.js"></script>
     -->
  </head>

  <body>
    <div class="top-banner-root">
      <span class="top-banner-title-font">Test results</span>
      <br/>
      <span class="top-banner-font-1">1 suite, 2 failed tests</span>
    </div> <!-- top-banner-root -->
    <div class="navigator-root">
      <div class="navigator-suite-header">
        <span>All suites</span>
        <a href="#" title="Collapse/expand all the suites" class="collapse-all-link">
          <img src="collapseall.gif" class="collapse-all-icon">
          </img> <!-- collapse-all-icon -->
        </a> <!-- collapse-all-link -->
      </div> <!-- navigator-suite-header -->
      <div class="suite">
        <div class="rounded-window">
          <div class="suite-header light-rounded-window-top">
            <a href="#" panel-name="suite-AllTests" class="navigator-link">
              <span class="suite-name border-failed">AllTests</span>
            </a> <!-- navigator-link -->
          </div> <!-- suite-header light-rounded-window-top -->
          <div class="navigator-suite-content">
            <div class="suite-section-title">
              <span>Info</span>
            </div> <!-- suite-section-title -->
            <div class="suite-section-content">
              <ul>
                <li>
                  <a href="#" panel-name="test-xml-AllTests" class="navigator-link ">
                    <span>E:\Java\htecExam\testng.xml</span>
                  </a> <!-- navigator-link  -->
                </li>
                <li>
                  <a href="#" panel-name="testlist-AllTests" class="navigator-link ">
                    <span class="test-stats">1 test</span>
                  </a> <!-- navigator-link  -->
                </li>
                <li>
                  <a href="#" panel-name="group-AllTests" class="navigator-link ">
                    <span>0 groups</span>
                  </a> <!-- navigator-link  -->
                </li>
                <li>
                  <a href="#" panel-name="times-AllTests" class="navigator-link ">
                    <span>Times</span>
                  </a> <!-- navigator-link  -->
                </li>
                <li>
                  <a href="#" panel-name="reporter-AllTests" class="navigator-link ">
                    <span>Reporter output</span>
                  </a> <!-- navigator-link  -->
                </li>
                <li>
                  <a href="#" panel-name="ignored-methods-AllTests" class="navigator-link ">
                    <span>Ignored methods</span>
                  </a> <!-- navigator-link  -->
                </li>
                <li>
                  <a href="#" panel-name="chronological-AllTests" class="navigator-link ">
                    <span>Chronological view</span>
                  </a> <!-- navigator-link  -->
                </li>
              </ul>
            </div> <!-- suite-section-content -->
            <div class="result-section">
              <div class="suite-section-title">
                <span>Results</span>
              </div> <!-- suite-section-title -->
              <div class="suite-section-content">
                <ul>
                  <li>
                    <span class="method-stats">13 methods, 2 failed,   11 passed</span>
                  </li>
                  <li>
                    <span class="method-list-title failed">Failed methods</span>
                    <span class="show-or-hide-methods failed">
                      <a href="#" panel-name="suite-AllTests" class="hide-methods failed suite-AllTests"> (hide)</a> <!-- hide-methods failed suite-AllTests -->
                      <a href="#" panel-name="suite-AllTests" class="show-methods failed suite-AllTests"> (show)</a> <!-- show-methods failed suite-AllTests -->
                    </span>
                    <div class="method-list-content failed suite-AllTests">
                      <span>
                        <img src="failed.png" width="3%"/>
                        <a href="#" panel-name="suite-AllTests" title="examTestProject.examTests.UseCasesTests" class="method navigator-link" hash-for-method="createUseCaseWithMoreStepsWithDivider">createUseCaseWithMoreStepsWithDivider</a> <!-- method navigator-link -->
                      </span>
                      <br/>
                      <span>
                        <img src="failed.png" width="3%"/>
                        <a href="#" panel-name="suite-AllTests" title="examTestProject.examTests.LoginTests" class="method navigator-link" hash-for-method="passwordFieldIsRequiredTest">passwordFieldIsRequiredTest</a> <!-- method navigator-link -->
                      </span>
                      <br/>
                    </div> <!-- method-list-content failed suite-AllTests -->
                  </li>
                  <li>
                    <span class="method-list-title passed">Passed methods</span>
                    <span class="show-or-hide-methods passed">
                      <a href="#" panel-name="suite-AllTests" class="hide-methods passed suite-AllTests"> (hide)</a> <!-- hide-methods passed suite-AllTests -->
                      <a href="#" panel-name="suite-AllTests" class="show-methods passed suite-AllTests"> (show)</a> <!-- show-methods passed suite-AllTests -->
                    </span>
                    <div class="method-list-content passed suite-AllTests">
                      <span>
                        <img src="passed.png" width="3%"/>
                        <a href="#" panel-name="suite-AllTests" title="examTestProject.examTests.UseCasesTests" class="method navigator-link" hash-for-method="createUseCaseWithMaximumAmountOfCharacters">createUseCaseWithMaximumAmountOfCharacters</a> <!-- method navigator-link -->
                      </span>
                      <br/>
                      <span>
                        <img src="passed.png" width="3%"/>
                        <a href="#" panel-name="suite-AllTests" title="examTestProject.examTests.UseCasesTests" class="method navigator-link" hash-for-method="createUseCaseWithMinimumAmountOfCharacters">createUseCaseWithMinimumAmountOfCharacters</a> <!-- method navigator-link -->
                      </span>
                      <br/>
                      <span>
                        <img src="passed.png" width="3%"/>
                        <a href="#" panel-name="suite-AllTests" title="examTestProject.examTests.UseCasesTests" class="method navigator-link" hash-for-method="createUseCaseWithMoreStepsWithAddStepButton">createUseCaseWithMoreStepsWithAddStepButton</a> <!-- method navigator-link -->
                      </span>
                      <br/>
                      <span>
                        <img src="passed.png" width="3%"/>
                        <a href="#" panel-name="suite-AllTests" title="examTestProject.examTests.LoginTests" class="method navigator-link" hash-for-method="emailFieldIsRequiredTest">emailFieldIsRequiredTest</a> <!-- method navigator-link -->
                      </span>
                      <br/>
                      <span>
                        <img src="passed.png" width="3%"/>
                        <a href="#" panel-name="suite-AllTests" title="examTestProject.examTests.LoginTests" class="method navigator-link" hash-for-method="goToLoginPageTest">goToLoginPageTest</a> <!-- method navigator-link -->
                      </span>
                      <br/>
                      <span>
                        <img src="passed.png" width="3%"/>
                        <a href="#" panel-name="suite-AllTests" title="examTestProject.examTests.UseCasesTests" class="method navigator-link" hash-for-method="goToUseCasePageTest">goToUseCasePageTest</a> <!-- method navigator-link -->
                      </span>
                      <br/>
                      <span>
                        <img src="passed.png" width="3%"/>
                        <a href="#" panel-name="suite-AllTests" title="examTestProject.examTests.LoginTests" class="method navigator-link" hash-for-method="loginWithValidUsernameAndPasswordTest">loginWithValidUsernameAndPasswordTest</a> <!-- method navigator-link -->
                      </span>
                      <br/>
                      <span>
                        <img src="passed.png" width="3%"/>
                        <a href="#" panel-name="suite-AllTests" title="examTestProject.examTests.LoginTests" class="method navigator-link" hash-for-method="passwordMustBeAtLeast6CharactersLongTest">passwordMustBeAtLeast6CharactersLongTest</a> <!-- method navigator-link -->
                      </span>
                      <br/>
                      <span>
                        <img src="passed.png" width="3%"/>
                        <a href="#" panel-name="suite-AllTests" title="examTestProject.examTests.LoginTests" class="method navigator-link" hash-for-method="passwordMustBeValid">passwordMustBeValid</a> <!-- method navigator-link -->
                      </span>
                      <br/>
                      <span>
                        <img src="passed.png" width="3%"/>
                        <a href="#" panel-name="suite-AllTests" title="examTestProject.examTests.UseCasesTests" class="method navigator-link" hash-for-method="replaceTextWithNumberOfCharacters">replaceTextWithNumberOfCharacters</a> <!-- method navigator-link -->
                      </span>
                      <br/>
                      <span>
                        <img src="passed.png" width="3%"/>
                        <a href="#" panel-name="suite-AllTests" title="examTestProject.examTests.LoginTests" class="method navigator-link" hash-for-method="userMustBeRegistered">userMustBeRegistered</a> <!-- method navigator-link -->
                      </span>
                      <br/>
                    </div> <!-- method-list-content passed suite-AllTests -->
                  </li>
                </ul>
              </div> <!-- suite-section-content -->
            </div> <!-- result-section -->
          </div> <!-- navigator-suite-content -->
        </div> <!-- rounded-window -->
      </div> <!-- suite -->
    </div> <!-- navigator-root -->
    <div class="wrapper">
      <div class="main-panel-root">
        <div panel-name="suite-AllTests" class="panel AllTests">
          <div class="suite-AllTests-class-failed">
            <div class="main-panel-header rounded-window-top">
              <img src="failed.png"/>
              <span class="class-name">examTestProject.examTests.UseCasesTests</span>
            </div> <!-- main-panel-header rounded-window-top -->
            <div class="main-panel-content rounded-window-bottom">
              <div class="method">
                <div class="method-content">
                  <a name="createUseCaseWithMoreStepsWithDivider">
                  </a> <!-- createUseCaseWithMoreStepsWithDivider -->
                  <span class="method-name">createUseCaseWithMoreStepsWithDivider</span>
                  <div class="stack-trace">org.openqa.selenium.TimeoutException: Expected condition failed: waiting for visibility of all elements located by By.cssSelector: a[href=&apos;/use-cases&apos;] (tried for 10 second(s) with 1000 MILLISECONDS interval)
Build info: version: &apos;3.8.1&apos;, revision: &apos;6e95a6684b&apos;, time: &apos;2017-12-01T18:33:54.468Z&apos;
System info: host: &apos;BOJANPC&apos;, ip: &apos;192.168.0.13&apos;, os.name: &apos;Windows 10&apos;, os.arch: &apos;amd64&apos;, os.version: &apos;10.0&apos;, java.version: &apos;11.0.3&apos;
Driver info: org.openqa.selenium.chrome.ChromeDriver
Capabilities {acceptInsecureCerts: false, browserName: chrome, browserVersion: 75.0.3770.142, chrome: {chromedriverVersion: 75.0.3770.140 (2d9f97485c7b..., userDataDir: C:\Users\Bojan\AppData\Loca...}, goog:chromeOptions: {debuggerAddress: localhost:60099}, javascriptEnabled: true, networkConnectionEnabled: false, pageLoadStrategy: normal, platform: XP, platformName: XP, proxy: Proxy(), setWindowRect: true, strictFileInteractability: false, timeouts: {implicit: 0, pageLoad: 300000, script: 30000}, unhandledPromptBehavior: dismiss and notify}
Session ID: 364105f727b3313003797d3685d70106
	at org.openqa.selenium.support.ui.WebDriverWait.timeoutException(WebDriverWait.java:82)
	at org.openqa.selenium.support.ui.FluentWait.until(FluentWait.java:231)
	at examTestProject.examPages.Pages.waitVisibility(Pages.java:23)
	at examTestProject.examPages.Pages.click(Pages.java:27)
	at examTestProject.examPages.DashboardPage.goToUseCasesPage(DashboardPage.java:25)
	at examTestProject.examTests.UseCasesTests.createUseCaseWithMoreStepsWithDivider(UseCasesTests.java:80)
... Removed 29 stack frames
</div> <!-- stack-trace -->
                </div> <!-- method-content -->
              </div> <!-- method -->
            </div> <!-- main-panel-content rounded-window-bottom -->
          </div> <!-- suite-AllTests-class-failed -->
          <div class="suite-AllTests-class-failed">
            <div class="main-panel-header rounded-window-top">
              <img src="failed.png"/>
              <span class="class-name">examTestProject.examTests.LoginTests</span>
            </div> <!-- main-panel-header rounded-window-top -->
            <div class="main-panel-content rounded-window-bottom">
              <div class="method">
                <div class="method-content">
                  <a name="passwordFieldIsRequiredTest">
                  </a> <!-- passwordFieldIsRequiredTest -->
                  <span class="method-name">passwordFieldIsRequiredTest</span>
                  <div class="stack-trace">org.openqa.selenium.TimeoutException: Expected condition failed: waiting for visibility of all elements located by By.cssSelector: form .form-group:nth-of-type(2) .invalid-feedback (tried for 10 second(s) with 1000 MILLISECONDS interval)
Build info: version: &apos;3.8.1&apos;, revision: &apos;6e95a6684b&apos;, time: &apos;2017-12-01T18:33:54.468Z&apos;
System info: host: &apos;BOJANPC&apos;, ip: &apos;192.168.0.13&apos;, os.name: &apos;Windows 10&apos;, os.arch: &apos;amd64&apos;, os.version: &apos;10.0&apos;, java.version: &apos;11.0.3&apos;
Driver info: org.openqa.selenium.chrome.ChromeDriver
Capabilities {acceptInsecureCerts: false, browserName: chrome, browserVersion: 75.0.3770.142, chrome: {chromedriverVersion: 75.0.3770.140 (2d9f97485c7b..., userDataDir: C:\Users\Bojan\AppData\Loca...}, goog:chromeOptions: {debuggerAddress: localhost:59876}, javascriptEnabled: true, networkConnectionEnabled: false, pageLoadStrategy: normal, platform: XP, platformName: XP, proxy: Proxy(), setWindowRect: true, strictFileInteractability: false, timeouts: {implicit: 0, pageLoad: 300000, script: 30000}, unhandledPromptBehavior: dismiss and notify}
Session ID: 29bf106a0c42eddae34fa93d470529f1
	at org.openqa.selenium.support.ui.WebDriverWait.timeoutException(WebDriverWait.java:82)
	at org.openqa.selenium.support.ui.FluentWait.until(FluentWait.java:231)
	at examTestProject.examPages.Pages.waitVisibility(Pages.java:23)
	at examTestProject.examPages.Pages.readText(Pages.java:38)
	at examTestProject.examPages.LoginPage.getPasswordErrorText(LoginPage.java:46)
	at examTestProject.examTests.LoginTests.passwordFieldIsRequiredTest(LoginTests.java:40)
... Removed 29 stack frames
</div> <!-- stack-trace -->
                </div> <!-- method-content -->
              </div> <!-- method -->
            </div> <!-- main-panel-content rounded-window-bottom -->
          </div> <!-- suite-AllTests-class-failed -->
          <div class="suite-AllTests-class-passed">
            <div class="main-panel-header rounded-window-top">
              <img src="passed.png"/>
              <span class="class-name">examTestProject.examTests.UseCasesTests</span>
            </div> <!-- main-panel-header rounded-window-top -->
            <div class="main-panel-content rounded-window-bottom">
              <div class="method">
                <div class="method-content">
                  <a name="createUseCaseWithMaximumAmountOfCharacters">
                  </a> <!-- createUseCaseWithMaximumAmountOfCharacters -->
                  <span class="method-name">createUseCaseWithMaximumAmountOfCharacters</span>
                </div> <!-- method-content -->
              </div> <!-- method -->
              <div class="method">
                <div class="method-content">
                  <a name="createUseCaseWithMinimumAmountOfCharacters">
                  </a> <!-- createUseCaseWithMinimumAmountOfCharacters -->
                  <span class="method-name">createUseCaseWithMinimumAmountOfCharacters</span>
                </div> <!-- method-content -->
              </div> <!-- method -->
              <div class="method">
                <div class="method-content">
                  <a name="createUseCaseWithMoreStepsWithAddStepButton">
                  </a> <!-- createUseCaseWithMoreStepsWithAddStepButton -->
                  <span class="method-name">createUseCaseWithMoreStepsWithAddStepButton</span>
                </div> <!-- method-content -->
              </div> <!-- method -->
              <div class="method">
                <div class="method-content">
                  <a name="goToUseCasePageTest">
                  </a> <!-- goToUseCasePageTest -->
                  <span class="method-name">goToUseCasePageTest</span>
                </div> <!-- method-content -->
              </div> <!-- method -->
              <div class="method">
                <div class="method-content">
                  <a name="replaceTextWithNumberOfCharacters">
                  </a> <!-- replaceTextWithNumberOfCharacters -->
                  <span class="method-name">replaceTextWithNumberOfCharacters</span>
                </div> <!-- method-content -->
              </div> <!-- method -->
            </div> <!-- main-panel-content rounded-window-bottom -->
          </div> <!-- suite-AllTests-class-passed -->
          <div class="suite-AllTests-class-passed">
            <div class="main-panel-header rounded-window-top">
              <img src="passed.png"/>
              <span class="class-name">examTestProject.examTests.LoginTests</span>
            </div> <!-- main-panel-header rounded-window-top -->
            <div class="main-panel-content rounded-window-bottom">
              <div class="method">
                <div class="method-content">
                  <a name="emailFieldIsRequiredTest">
                  </a> <!-- emailFieldIsRequiredTest -->
                  <span class="method-name">emailFieldIsRequiredTest</span>
                </div> <!-- method-content -->
              </div> <!-- method -->
              <div class="method">
                <div class="method-content">
                  <a name="goToLoginPageTest">
                  </a> <!-- goToLoginPageTest -->
                  <span class="method-name">goToLoginPageTest</span>
                </div> <!-- method-content -->
              </div> <!-- method -->
              <div class="method">
                <div class="method-content">
                  <a name="loginWithValidUsernameAndPasswordTest">
                  </a> <!-- loginWithValidUsernameAndPasswordTest -->
                  <span class="method-name">loginWithValidUsernameAndPasswordTest</span>
                </div> <!-- method-content -->
              </div> <!-- method -->
              <div class="method">
                <div class="method-content">
                  <a name="passwordMustBeAtLeast6CharactersLongTest">
                  </a> <!-- passwordMustBeAtLeast6CharactersLongTest -->
                  <span class="method-name">passwordMustBeAtLeast6CharactersLongTest</span>
                </div> <!-- method-content -->
              </div> <!-- method -->
              <div class="method">
                <div class="method-content">
                  <a name="passwordMustBeValid">
                  </a> <!-- passwordMustBeValid -->
                  <span class="method-name">passwordMustBeValid</span>
                </div> <!-- method-content -->
              </div> <!-- method -->
              <div class="method">
                <div class="method-content">
                  <a name="userMustBeRegistered">
                  </a> <!-- userMustBeRegistered -->
                  <span class="method-name">userMustBeRegistered</span>
                </div> <!-- method-content -->
              </div> <!-- method -->
            </div> <!-- main-panel-content rounded-window-bottom -->
          </div> <!-- suite-AllTests-class-passed -->
        </div> <!-- panel AllTests -->
        <div panel-name="test-xml-AllTests" class="panel">
          <div class="main-panel-header rounded-window-top">
            <span class="header-content">E:\Java\htecExam\testng.xml</span>
          </div> <!-- main-panel-header rounded-window-top -->
          <div class="main-panel-content rounded-window-bottom">
            <pre>
&lt;?xml version=&quot;1.0&quot; encoding=&quot;UTF-8&quot;?&gt;
&lt;!DOCTYPE suite SYSTEM &quot;http://testng.org/testng-1.0.dtd&quot;&gt;
&lt;suite name=&quot;AllTests&quot; guice-stage=&quot;DEVELOPMENT&quot; verbose=&quot;0&quot;&gt;
  &lt;test thread-count=&quot;5&quot; name=&quot;AllTests&quot; verbose=&quot;0&quot;&gt;
    &lt;classes&gt;
      &lt;class name=&quot;examTestProject.examTests.LoginTests&quot;/&gt;
      &lt;class name=&quot;examTestProject.examTests.UseCasesTests&quot;/&gt;
    &lt;/classes&gt;
  &lt;/test&gt; &lt;!-- AllTests --&gt;
&lt;/suite&gt; &lt;!-- AllTests --&gt;
            </pre>
          </div> <!-- main-panel-content rounded-window-bottom -->
        </div> <!-- panel -->
        <div panel-name="testlist-AllTests" class="panel">
          <div class="main-panel-header rounded-window-top">
            <span class="header-content">Tests for AllTests</span>
          </div> <!-- main-panel-header rounded-window-top -->
          <div class="main-panel-content rounded-window-bottom">
            <ul>
              <li>
                <span class="test-name">AllTests (2 classes)</span>
              </li>
            </ul>
          </div> <!-- main-panel-content rounded-window-bottom -->
        </div> <!-- panel -->
        <div panel-name="group-AllTests" class="panel">
          <div class="main-panel-header rounded-window-top">
            <span class="header-content">Groups for AllTests</span>
          </div> <!-- main-panel-header rounded-window-top -->
          <div class="main-panel-content rounded-window-bottom">
          </div> <!-- main-panel-content rounded-window-bottom -->
        </div> <!-- panel -->
        <div panel-name="times-AllTests" class="panel">
          <div class="main-panel-header rounded-window-top">
            <span class="header-content">Times for AllTests</span>
          </div> <!-- main-panel-header rounded-window-top -->
          <div class="main-panel-content rounded-window-bottom">
            <div class="times-div">
              <script type="text/javascript">
suiteTableInitFunctions.push('tableData_AllTests');
function tableData_AllTests() {
var data = new google.visualization.DataTable();
data.addColumn('number', 'Number');
data.addColumn('string', 'Method');
data.addColumn('string', 'Class');
data.addColumn('number', 'Time (ms)');
data.addRows(13);
data.setCell(0, 0, 0)
data.setCell(0, 1, 'replaceTextWithNumberOfCharacters')
data.setCell(0, 2, 'examTestProject.examTests.UseCasesTests')
data.setCell(0, 3, 19283);
data.setCell(1, 0, 1)
data.setCell(1, 1, 'passwordFieldIsRequiredTest')
data.setCell(1, 2, 'examTestProject.examTests.LoginTests')
data.setCell(1, 3, 11053);
data.setCell(2, 0, 2)
data.setCell(2, 1, 'createUseCaseWithMoreStepsWithDivider')
data.setCell(2, 2, 'examTestProject.examTests.UseCasesTests')
data.setCell(2, 3, 10150);
data.setCell(3, 0, 3)
data.setCell(3, 1, 'createUseCaseWithMaximumAmountOfCharacters')
data.setCell(3, 2, 'examTestProject.examTests.UseCasesTests')
data.setCell(3, 3, 6919);
data.setCell(4, 0, 4)
data.setCell(4, 1, 'createUseCaseWithMoreStepsWithAddStepButton')
data.setCell(4, 2, 'examTestProject.examTests.UseCasesTests')
data.setCell(4, 3, 5282);
data.setCell(5, 0, 5)
data.setCell(5, 1, 'createUseCaseWithMinimumAmountOfCharacters')
data.setCell(5, 2, 'examTestProject.examTests.UseCasesTests')
data.setCell(5, 3, 3986);
data.setCell(6, 0, 6)
data.setCell(6, 1, 'userMustBeRegistered')
data.setCell(6, 2, 'examTestProject.examTests.LoginTests')
data.setCell(6, 3, 2264);
data.setCell(7, 0, 7)
data.setCell(7, 1, 'passwordMustBeValid')
data.setCell(7, 2, 'examTestProject.examTests.LoginTests')
data.setCell(7, 3, 2212);
data.setCell(8, 0, 8)
data.setCell(8, 1, 'loginWithValidUsernameAndPasswordTest')
data.setCell(8, 2, 'examTestProject.examTests.LoginTests')
data.setCell(8, 3, 2120);
data.setCell(9, 0, 9)
data.setCell(9, 1, 'emailFieldIsRequiredTest')
data.setCell(9, 2, 'examTestProject.examTests.LoginTests')
data.setCell(9, 3, 2068);
data.setCell(10, 0, 10)
data.setCell(10, 1, 'passwordMustBeAtLeast6CharactersLongTest')
data.setCell(10, 2, 'examTestProject.examTests.LoginTests')
data.setCell(10, 3, 2055);
data.setCell(11, 0, 11)
data.setCell(11, 1, 'goToUseCasePageTest')
data.setCell(11, 2, 'examTestProject.examTests.UseCasesTests')
data.setCell(11, 3, 1312);
data.setCell(12, 0, 12)
data.setCell(12, 1, 'goToLoginPageTest')
data.setCell(12, 2, 'examTestProject.examTests.LoginTests')
data.setCell(12, 3, 262);
window.suiteTableData['AllTests']= { tableData: data, tableDiv: 'times-div-AllTests'}
return data;
}
              </script>
              <span class="suite-total-time">Total running time: 1 minutes</span>
              <div id="times-div-AllTests">
              </div> <!-- times-div-AllTests -->
            </div> <!-- times-div -->
          </div> <!-- main-panel-content rounded-window-bottom -->
        </div> <!-- panel -->
        <div panel-name="reporter-AllTests" class="panel">
          <div class="main-panel-header rounded-window-top">
            <span class="header-content">Reporter output for AllTests</span>
          </div> <!-- main-panel-header rounded-window-top -->
          <div class="main-panel-content rounded-window-bottom">
          </div> <!-- main-panel-content rounded-window-bottom -->
        </div> <!-- panel -->
        <div panel-name="ignored-methods-AllTests" class="panel">
          <div class="main-panel-header rounded-window-top">
            <span class="header-content">0 ignored methods</span>
          </div> <!-- main-panel-header rounded-window-top -->
          <div class="main-panel-content rounded-window-bottom">
          </div> <!-- main-panel-content rounded-window-bottom -->
        </div> <!-- panel -->
        <div panel-name="chronological-AllTests" class="panel">
          <div class="main-panel-header rounded-window-top">
            <span class="header-content">Methods in chronological order</span>
          </div> <!-- main-panel-header rounded-window-top -->
          <div class="main-panel-content rounded-window-bottom">
            <div class="chronological-class">
              <div class="chronological-class-name">examTestProject.examTests.LoginTests</div> <!-- chronological-class-name -->
              <div class="configuration-method before">
                <span class="method-name">initialize</span>
                <span class="method-start">0 ms</span>
              </div> <!-- configuration-method before -->
              <div class="test-method">
                <span class="method-name">emailFieldIsRequiredTest</span>
                <span class="method-start">4558 ms</span>
              </div> <!-- test-method -->
              <div class="configuration-method after">
                <span class="method-name">close</span>
                <span class="method-start">6627 ms</span>
              </div> <!-- configuration-method after -->
              <div class="configuration-method before">
                <span class="method-name">initialize</span>
                <span class="method-start">7329 ms</span>
              </div> <!-- configuration-method before -->
              <div class="test-method">
                <span class="method-name">goToLoginPageTest</span>
                <span class="method-start">11197 ms</span>
              </div> <!-- test-method -->
              <div class="configuration-method after">
                <span class="method-name">close</span>
                <span class="method-start">11459 ms</span>
              </div> <!-- configuration-method after -->
              <div class="configuration-method before">
                <span class="method-name">initialize</span>
                <span class="method-start">12264 ms</span>
              </div> <!-- configuration-method before -->
              <div class="test-method">
                <span class="method-name">loginWithValidUsernameAndPasswordTest</span>
                <span class="method-start">15904 ms</span>
              </div> <!-- test-method -->
              <div class="configuration-method after">
                <span class="method-name">close</span>
                <span class="method-start">18024 ms</span>
              </div> <!-- configuration-method after -->
              <div class="configuration-method before">
                <span class="method-name">initialize</span>
                <span class="method-start">18742 ms</span>
              </div> <!-- configuration-method before -->
              <div class="test-method">
                <img src="failed.png">
                </img>
                <span class="method-name">passwordFieldIsRequiredTest</span>
                <span class="method-start">22227 ms</span>
              </div> <!-- test-method -->
              <div class="configuration-method after">
                <span class="method-name">close</span>
                <span class="method-start">33288 ms</span>
              </div> <!-- configuration-method after -->
              <div class="configuration-method before">
                <span class="method-name">initialize</span>
                <span class="method-start">35934 ms</span>
              </div> <!-- configuration-method before -->
              <div class="test-method">
                <span class="method-name">passwordMustBeAtLeast6CharactersLongTest</span>
                <span class="method-start">39596 ms</span>
              </div> <!-- test-method -->
              <div class="configuration-method after">
                <span class="method-name">close</span>
                <span class="method-start">41651 ms</span>
              </div> <!-- configuration-method after -->
              <div class="configuration-method before">
                <span class="method-name">initialize</span>
                <span class="method-start">42344 ms</span>
              </div> <!-- configuration-method before -->
              <div class="test-method">
                <span class="method-name">passwordMustBeValid</span>
                <span class="method-start">45907 ms</span>
              </div> <!-- test-method -->
              <div class="configuration-method after">
                <span class="method-name">close</span>
                <span class="method-start">48119 ms</span>
              </div> <!-- configuration-method after -->
              <div class="configuration-method before">
                <span class="method-name">initialize</span>
                <span class="method-start">48823 ms</span>
              </div> <!-- configuration-method before -->
              <div class="test-method">
                <span class="method-name">userMustBeRegistered</span>
                <span class="method-start">52263 ms</span>
              </div> <!-- test-method -->
              <div class="configuration-method after">
                <span class="method-name">close</span>
                <span class="method-start">54527 ms</span>
              </div> <!-- configuration-method after -->
            </div> <!-- chronological-class -->
            <div class="chronological-class">
              <div class="chronological-class-name">examTestProject.examTests.UseCasesTests</div> <!-- chronological-class-name -->
              <div class="configuration-method before">
                <span class="method-name">initialize</span>
                <span class="method-start">55229 ms</span>
              </div> <!-- configuration-method before -->
              <div class="configuration-method before">
                <span class="method-name">setup</span>
                <span class="method-start">58663 ms</span>
              </div> <!-- configuration-method before -->
              <div class="test-method">
                <span class="method-name">goToUseCasePageTest</span>
                <span class="method-start">59695 ms</span>
              </div> <!-- test-method -->
              <div class="configuration-method after">
                <span class="method-name">close</span>
                <span class="method-start">61007 ms</span>
              </div> <!-- configuration-method after -->
              <div class="configuration-method before">
                <span class="method-name">initialize</span>
                <span class="method-start">61868 ms</span>
              </div> <!-- configuration-method before -->
              <div class="configuration-method before">
                <span class="method-name">setup</span>
                <span class="method-start">65209 ms</span>
              </div> <!-- configuration-method before -->
              <div class="test-method">
                <span class="method-name">createUseCaseWithMinimumAmountOfCharacters</span>
                <span class="method-start">66214 ms</span>
              </div> <!-- test-method -->
              <div class="configuration-method after">
                <span class="method-name">close</span>
                <span class="method-start">70200 ms</span>
              </div> <!-- configuration-method after -->
              <div class="configuration-method before">
                <span class="method-name">initialize</span>
                <span class="method-start">71018 ms</span>
              </div> <!-- configuration-method before -->
              <div class="configuration-method before">
                <span class="method-name">setup</span>
                <span class="method-start">74860 ms</span>
              </div> <!-- configuration-method before -->
              <div class="test-method">
                <span class="method-name">createUseCaseWithMaximumAmountOfCharacters</span>
                <span class="method-start">76038 ms</span>
              </div> <!-- test-method -->
              <div class="configuration-method after">
                <span class="method-name">close</span>
                <span class="method-start">82957 ms</span>
              </div> <!-- configuration-method after -->
              <div class="configuration-method before">
                <span class="method-name">initialize</span>
                <span class="method-start">83800 ms</span>
              </div> <!-- configuration-method before -->
              <div class="configuration-method before">
                <span class="method-name">setup</span>
                <span class="method-start">87215 ms</span>
              </div> <!-- configuration-method before -->
              <div class="test-method">
                <span class="method-name">createUseCaseWithMoreStepsWithAddStepButton</span>
                <span class="method-start">88251 ms</span>
              </div> <!-- test-method -->
              <div class="configuration-method after">
                <span class="method-name">close</span>
                <span class="method-start">93534 ms</span>
              </div> <!-- configuration-method after -->
              <div class="configuration-method before">
                <span class="method-name">initialize</span>
                <span class="method-start">94339 ms</span>
              </div> <!-- configuration-method before -->
              <div class="configuration-method before">
                <span class="method-name">setup</span>
                <span class="method-start">97633 ms</span>
              </div> <!-- configuration-method before -->
              <div class="test-method">
                <img src="failed.png">
                </img>
                <span class="method-name">createUseCaseWithMoreStepsWithDivider</span>
                <span class="method-start">98741 ms</span>
              </div> <!-- test-method -->
              <div class="configuration-method after">
                <span class="method-name">close</span>
                <span class="method-start">108892 ms</span>
              </div> <!-- configuration-method after -->
              <div class="configuration-method before">
                <span class="method-name">initialize</span>
                <span class="method-start">111563 ms</span>
              </div> <!-- configuration-method before -->
              <div class="configuration-method before">
                <span class="method-name">setup</span>
                <span class="method-start">115121 ms</span>
              </div> <!-- configuration-method before -->
              <div class="test-method">
                <span class="method-name">replaceTextWithNumberOfCharacters</span>
                <span class="method-start">116207 ms</span>
              </div> <!-- test-method -->
              <div class="configuration-method after">
                <span class="method-name">close</span>
                <span class="method-start">135490 ms</span>
              </div> <!-- configuration-method after -->
          </div> <!-- main-panel-content rounded-window-bottom -->
        </div> <!-- panel -->
      </div> <!-- main-panel-root -->
    </div> <!-- wrapper -->
  </body>
</html>
