<?xml version="1.0" encoding="UTF-8"?>
<!-- Generated by org.testng.reporters.JUnitXMLReporter -->
<testsuite ignored="0" hostname="BojanPC" failures="2" tests="13" name="AllTests" time="138.26" errors="0" timestamp="29 Jul 2019 19:01:36 GMT">
  <testcase classname="examTestProject.examTests.LoginTests" name="emailFieldIsRequiredTest" time="2.068"/>
  <testcase classname="examTestProject.examTests.LoginTests" name="goToLoginPageTest" time="0.262"/>
  <testcase classname="examTestProject.examTests.LoginTests" name="loginWithValidUsernameAndPasswordTest" time="2.12"/>
  <testcase classname="examTestProject.examTests.LoginTests" name="passwordFieldIsRequiredTest" time="11.053">
    <failure type="org.openqa.selenium.TimeoutException" message="Expected condition failed: waiting for visibility of all elements located by By.cssSelector: form .form-group:nth-of-type(2) .invalid-feedback (tried for 10 second(s) with 1000 MILLISECONDS interval)
Build info: version: &amp;apos;3.8.1&amp;apos;, revision: &amp;apos;6e95a6684b&amp;apos;, time: &amp;apos;2017-12-01T18:33:54.468Z&amp;apos;
System info: host: &amp;apos;BOJANPC&amp;apos;, ip: &amp;apos;192.168.0.13&amp;apos;, os.name: &amp;apos;Windows 10&amp;apos;, os.arch: &amp;apos;amd64&amp;apos;, os.version: &amp;apos;10.0&amp;apos;, java.version: &amp;apos;11.0.3&amp;apos;
Driver info: org.openqa.selenium.chrome.ChromeDriver
Capabilities {acceptInsecureCerts: false, browserName: chrome, browserVersion: 75.0.3770.142, chrome: {chromedriverVersion: 75.0.3770.140 (2d9f97485c7b..., userDataDir: C:\Users\Bojan\AppData\Loca...}, goog:chromeOptions: {debuggerAddress: localhost:59876}, javascriptEnabled: true, networkConnectionEnabled: false, pageLoadStrategy: normal, platform: XP, platformName: XP, proxy: Proxy(), setWindowRect: true, strictFileInteractability: false, timeouts: {implicit: 0, pageLoad: 300000, script: 30000}, unhandledPromptBehavior: dismiss and notify}
Session ID: 29bf106a0c42eddae34fa93d470529f1">
      <![CDATA[org.openqa.selenium.TimeoutException: Expected condition failed: waiting for visibility of all elements located by By.cssSelector: form .form-group:nth-of-type(2) .invalid-feedback (tried for 10 second(s) with 1000 MILLISECONDS interval)
Build info: version: '3.8.1', revision: '6e95a6684b', time: '2017-12-01T18:33:54.468Z'
System info: host: 'BOJANPC', ip: '192.168.0.13', os.name: 'Windows 10', os.arch: 'amd64', os.version: '10.0', java.version: '11.0.3'
Driver info: org.openqa.selenium.chrome.ChromeDriver
Capabilities {acceptInsecureCerts: false, browserName: chrome, browserVersion: 75.0.3770.142, chrome: {chromedriverVersion: 75.0.3770.140 (2d9f97485c7b..., userDataDir: C:\Users\Bojan\AppData\Loca...}, goog:chromeOptions: {debuggerAddress: localhost:59876}, javascriptEnabled: true, networkConnectionEnabled: false, pageLoadStrategy: normal, platform: XP, platformName: XP, proxy: Proxy(), setWindowRect: true, strictFileInteractability: false, timeouts: {implicit: 0, pageLoad: 300000, script: 30000}, unhandledPromptBehavior: dismiss and notify}
Session ID: 29bf106a0c42eddae34fa93d470529f1
at org.openqa.selenium.support.ui.WebDriverWait.timeoutException(WebDriverWait.java:82)
at org.openqa.selenium.support.ui.FluentWait.until(FluentWait.java:231)
at examTestProject.examPages.Pages.waitVisibility(Pages.java:23)
at examTestProject.examPages.Pages.readText(Pages.java:38)
at examTestProject.examPages.LoginPage.getPasswordErrorText(LoginPage.java:46)
at examTestProject.examTests.LoginTests.passwordFieldIsRequiredTest(LoginTests.java:40)
... Removed 29 stack frames]]>
    </failure>
  </testcase> <!-- passwordFieldIsRequiredTest -->
  <testcase classname="examTestProject.examTests.LoginTests" name="passwordMustBeAtLeast6CharactersLongTest" time="2.055"/>
  <testcase classname="examTestProject.examTests.LoginTests" name="passwordMustBeValid" time="2.212"/>
  <testcase classname="examTestProject.examTests.LoginTests" name="userMustBeRegistered" time="2.264"/>
  <testcase classname="examTestProject.examTests.UseCasesTests" name="goToUseCasePageTest" time="1.312"/>
  <testcase classname="examTestProject.examTests.UseCasesTests" name="createUseCaseWithMinimumAmountOfCharacters" time="3.986"/>
  <testcase classname="examTestProject.examTests.UseCasesTests" name="createUseCaseWithMaximumAmountOfCharacters" time="6.919"/>
  <testcase classname="examTestProject.examTests.UseCasesTests" name="createUseCaseWithMoreStepsWithAddStepButton" time="5.282"/>
  <testcase classname="examTestProject.examTests.UseCasesTests" name="createUseCaseWithMoreStepsWithDivider" time="10.15">
    <failure type="org.openqa.selenium.TimeoutException" message="Expected condition failed: waiting for visibility of all elements located by By.cssSelector: a[href=&amp;apos;/use-cases&amp;apos;] (tried for 10 second(s) with 1000 MILLISECONDS interval)
Build info: version: &amp;apos;3.8.1&amp;apos;, revision: &amp;apos;6e95a6684b&amp;apos;, time: &amp;apos;2017-12-01T18:33:54.468Z&amp;apos;
System info: host: &amp;apos;BOJANPC&amp;apos;, ip: &amp;apos;192.168.0.13&amp;apos;, os.name: &amp;apos;Windows 10&amp;apos;, os.arch: &amp;apos;amd64&amp;apos;, os.version: &amp;apos;10.0&amp;apos;, java.version: &amp;apos;11.0.3&amp;apos;
Driver info: org.openqa.selenium.chrome.ChromeDriver
Capabilities {acceptInsecureCerts: false, browserName: chrome, browserVersion: 75.0.3770.142, chrome: {chromedriverVersion: 75.0.3770.140 (2d9f97485c7b..., userDataDir: C:\Users\Bojan\AppData\Loca...}, goog:chromeOptions: {debuggerAddress: localhost:60099}, javascriptEnabled: true, networkConnectionEnabled: false, pageLoadStrategy: normal, platform: XP, platformName: XP, proxy: Proxy(), setWindowRect: true, strictFileInteractability: false, timeouts: {implicit: 0, pageLoad: 300000, script: 30000}, unhandledPromptBehavior: dismiss and notify}
Session ID: 364105f727b3313003797d3685d70106">
      <![CDATA[org.openqa.selenium.TimeoutException: Expected condition failed: waiting for visibility of all elements located by By.cssSelector: a[href='/use-cases'] (tried for 10 second(s) with 1000 MILLISECONDS interval)
Build info: version: '3.8.1', revision: '6e95a6684b', time: '2017-12-01T18:33:54.468Z'
System info: host: 'BOJANPC', ip: '192.168.0.13', os.name: 'Windows 10', os.arch: 'amd64', os.version: '10.0', java.version: '11.0.3'
Driver info: org.openqa.selenium.chrome.ChromeDriver
Capabilities {acceptInsecureCerts: false, browserName: chrome, browserVersion: 75.0.3770.142, chrome: {chromedriverVersion: 75.0.3770.140 (2d9f97485c7b..., userDataDir: C:\Users\Bojan\AppData\Loca...}, goog:chromeOptions: {debuggerAddress: localhost:60099}, javascriptEnabled: true, networkConnectionEnabled: false, pageLoadStrategy: normal, platform: XP, platformName: XP, proxy: Proxy(), setWindowRect: true, strictFileInteractability: false, timeouts: {implicit: 0, pageLoad: 300000, script: 30000}, unhandledPromptBehavior: dismiss and notify}
Session ID: 364105f727b3313003797d3685d70106
at org.openqa.selenium.support.ui.WebDriverWait.timeoutException(WebDriverWait.java:82)
at org.openqa.selenium.support.ui.FluentWait.until(FluentWait.java:231)
at examTestProject.examPages.Pages.waitVisibility(Pages.java:23)
at examTestProject.examPages.Pages.click(Pages.java:27)
at examTestProject.examPages.DashboardPage.goToUseCasesPage(DashboardPage.java:25)
at examTestProject.examTests.UseCasesTests.createUseCaseWithMoreStepsWithDivider(UseCasesTests.java:80)
... Removed 29 stack frames]]>
    </failure>
  </testcase> <!-- createUseCaseWithMoreStepsWithDivider -->
  <testcase classname="examTestProject.examTests.UseCasesTests" name="replaceTextWithNumberOfCharacters" time="19.283"/>
</testsuite> <!-- AllTests -->
